<?xml version="1.0" encoding="UTF-8"?>
<!-- Generated by org.testng.reporters.JUnitXMLReporter -->
<testsuite ignored="0" hostname="ABHISHEK-K-H-96" failures="0" tests="18" name="Test" time="5.432" errors="0" timestamp="2024-11-14T18:30:04 IST">
  <testcase classname="org.tyss.university.modules.GetUniversityNameTest" name="getUniversityName" time="3.966"/>
  <testcase classname="org.tyss.university.modules.GetUniversityNameTest" name="validateGetUniversityNameForBadRequest" time="0.074"/>
  <testcase classname="org.tyss.university.modules.GetUniversityNameTest" name="validateGetUniversityNameForUnauthorized" time="0.045"/>
  <testcase classname="org.tyss.university.modules.GetUniversityNameTest" name="validateGetUniversityNameForNotFound" time="0.047"/>
  <testcase classname="org.tyss.university.modules.PutUniversity413Test" name="updateUniversity413" time="0.039"/>
  <testcase classname="org.tyss.university.modules.PutUniversity413Test" name="validateUpdateForUnauthorization" time="0.035"/>
  <testcase classname="org.tyss.university.modules.DeleteUniversityNameTest" name="DeleteUniversityName" time="0.038"/>
  <testcase classname="org.tyss.university.modules.DeleteUniversityNameTest" name="validateDeleteForUnauthorization" time="0.037"/>
  <testcase classname="org.tyss.university.modules.DeleteUniversityNameTest" name="validateDeleteForNotFoundRequest" time="0.023"/>
  <testcase classname="org.tyss.university.modules.DeleteUniversityNameTest" name="validateDeleteForNotValidRequest" time="0.034"/>
  <testcase classname="org.tyss.university.modules.GetUniversitiesTest" name="GetUniversities" time="0.133"/>
  <testcase classname="org.tyss.university.modules.GetUniversitiesTest" name="validateGetForUnauthorization" time="0.028"/>
  <testcase classname="org.tyss.university.modules.PostUniversityTest" name="createUniversityWithPost" time="0.058"/>
  <testcase classname="org.tyss.university.modules.PostUniversityTest" name="validatePostForUnauthorization" time="0.046"/>
  <testcase classname="org.tyss.university.modules.PostUniversityTest" name="validatePostForNotFoundRequest" time="0.032"/>
  <testcase classname="org.tyss.university.modules.GetUniversity247Test" name="GetUniversity247" time="0.081"/>
  <testcase classname="org.tyss.university.modules.GetUniversity247Test" name="validateGetForUnauthorization" time="0.028"/>
  <testcase classname="org.tyss.university.modules.GetUniversity247Test" name="validateGetForNotFoundRequest" time="0.019"/>
</testsuite> <!-- Test -->
